<?xml version="1.0" encoding="UTF-8"?>
<!-- Generated by org.testng.reporters.JUnitXMLReporter -->
<testsuite ignored="3" hostname="Nisan" failures="0" tests="1" name="Test(failed)" time="0.018" errors="0" timestamp="26 Dec 2022 22:52:45 GMT">
  <testcase classname="testNG.framework.TestngFailedTestCasesRun" name="getTest4" time="0.005"/>
  <testcase classname="testNG.framework.TestngFailedTestCasesRun" name="getTest3" time="0.0">
    <ignored/>
  </testcase> <!-- getTest3 -->
  <testcase classname="testNG.framework.TestngFailedTestCasesRun" name="getTest1" time="0.0">
    <ignored/>
  </testcase> <!-- getTest1 -->
  <testcase classname="testNG.framework.TestngFailedTestCasesRun" name="getTest2" time="0.0">
    <ignored/>
  </testcase> <!-- getTest2 -->
</testsuite> <!-- Test(failed) -->
