<?xml version="1.0" encoding="UTF-8"?>
<testng-results ignored="0" total="1" passed="1" failed="0" skipped="0">
  <reporter-output>
  </reporter-output>
  <suite started-at="2022-12-28T05:49:58Z" name="Suite" finished-at="2022-12-28T05:49:58Z" duration-ms="315">
    <groups>
    </groups>
    <test started-at="2022-12-28T05:49:58Z" name="Test" finished-at="2022-12-28T05:49:58Z" duration-ms="315">
      <class name="testNG.framework.ReadExcelData">
        <test-method signature="getEXcelData()[pri:0, instance:testNG.framework.ReadExcelData@3688eb5b]" started-at="2022-12-28T05:49:58Z" name="getEXcelData" finished-at="2022-12-28T05:49:58Z" duration-ms="303" status="PASS">
          <reporter-output>
          </reporter-output>
        </test-method> <!-- getEXcelData -->
      </class> <!-- testNG.framework.ReadExcelData -->
    </test> <!-- Test -->
  </suite> <!-- Suite -->
</testng-results>
